2022-02-27 21:30:19.707 [linpc] [main] [INFO] com.lin.docker.Application:50 - Starting Application on linpc with PID 16244 (E:\study\docker-study\target\classes started by lin in E:\study\docker-study)
2022-02-27 21:30:19.722 [linpc] [main] [DEBUG] com.lin.docker.Application:53 - Running with Spring Boot v2.0.2.RELEASE, Spring v5.0.6.RELEASE
2022-02-27 21:30:19.722 [linpc] [main] [INFO] com.lin.docker.Application:659 - No active profile set, falling back to default profiles: default
2022-02-27 21:30:20.772 [linpc] [main] [WARN] o.m.s.mapper.ClassPathMapperScanner:44 - No MyBatis mapper was found in '[com.xiaomi.trade.center.mapper]' package. Please check your configuration.
2022-02-27 21:30:21.467 [linpc] [main] [INFO] o.a.coyote.http11.Http11NioProtocol:180 - Initializing ProtocolHandler ["http-nio-8080"]
2022-02-27 21:30:21.481 [linpc] [main] [INFO] o.a.catalina.core.StandardService:180 - Starting service [Tomcat]
2022-02-27 21:30:21.481 [linpc] [main] [INFO] o.a.catalina.core.StandardEngine:180 - Starting Servlet Engine: Apache Tomcat/8.5.31
2022-02-27 21:30:21.495 [linpc] [localhost-startStop-1] [INFO] o.a.c.core.AprLifecycleListener:180 - The APR based Apache Tomcat Native library which allows optimal performance in production environments was not found on the java.library.path: [D:\Java\jdk1.8.0_221\bin;C:\WINDOWS\Sun\Java\bin;C:\WINDOWS\system32;C:\WINDOWS;D:\wmware_workstation\bin\;C:\Program Files (x86)\Common Files\Oracle\Java\javapath;C:\Windows\system32;C:\Windows;C:\Windows\System32\Wbem;C:\Windows\System32\WindowsPowerShell\v1.0\;C:\Windows\System32\OpenSSH\;C:\Program Files (x86)\NVIDIA Corporation\PhysX\Common;C:\Program Files\NVIDIA Corporation\NVIDIA NvDLISR;D:\Java\jdk1.8.0_221\bin;D:\apache-maven-3.6.2\bin;D:\Git\cmd;D:\gradle-6.0\bin;C:\Program Files\MySQL\MySQL Server 8.0\bin\;D:\nodejs\node_global\;D:\nodejs\;D:\thrift\0.8.0\bin\;;C:\WINDOWS\system32;C:\WINDOWS;C:\WINDOWS\System32\Wbem;C:\WINDOWS\System32\WindowsPowerShell\v1.0\;C:\WINDOWS\System32\OpenSSH\;C:\Program Files\Intel\WiFi\bin\;C:\Program Files\Common Files\Intel\WirelessCommon\;C:\Users\lin\AppData\Local\Microsoft\WindowsApps;;D:\WebStorm_2019.3\bin;;C:\Users\lin\AppData\Roaming\npm;.]
2022-02-27 21:30:21.592 [linpc] [localhost-startStop-1] [INFO] o.a.c.c.C.[.[localhost].[/docker]:180 - Initializing Spring embedded WebApplicationContext
2022-02-27 21:30:23.068 [linpc] [main] [INFO] o.a.coyote.http11.Http11NioProtocol:180 - Starting ProtocolHandler ["http-nio-8080"]
2022-02-27 21:30:23.082 [linpc] [main] [INFO] o.a.tomcat.util.net.NioSelectorPool:180 - Using a shared selector for servlet write/read
2022-02-27 21:30:23.123 [linpc] [main] [INFO] com.lin.docker.Application:59 - Started Application in 4.102 seconds (JVM running for 5.245)
2022-02-27 21:31:05.384 [linpc] [http-nio-8080-exec-1] [INFO] o.a.c.c.C.[.[localhost].[/docker]:180 - Initializing Spring FrameworkServlet 'dispatcherServlet'
2022-02-27 21:31:05.449 [linpc] [http-nio-8080-exec-1] [INFO] c.l.d.service.UserAddressService:14 - 
2022-02-27 21:31:11.264 [linpc] [http-nio-8080-exec-5] [INFO] c.l.d.service.UserAddressService:14 - 
2022-02-27 21:31:16.067 [linpc] [http-nio-8080-exec-8] [INFO] c.l.d.service.UserAddressService:14 - 
2022-02-27 21:31:19.619 [linpc] [http-nio-8080-exec-1] [INFO] c.l.d.service.UserAddressService:14 - 
2022-02-27 21:31:58.988 [linpc] [main] [INFO] com.lin.docker.Application:50 - Starting Application on linpc with PID 6400 (E:\study\docker-study\target\classes started by lin in E:\study\docker-study)
2022-02-27 21:31:58.988 [linpc] [main] [DEBUG] com.lin.docker.Application:53 - Running with Spring Boot v2.0.2.RELEASE, Spring v5.0.6.RELEASE
2022-02-27 21:31:59.004 [linpc] [main] [INFO] com.lin.docker.Application:659 - No active profile set, falling back to default profiles: default
2022-02-27 21:32:00.156 [linpc] [main] [WARN] o.m.s.mapper.ClassPathMapperScanner:44 - No MyBatis mapper was found in '[com.xiaomi.trade.center.mapper]' package. Please check your configuration.
2022-02-27 21:32:00.946 [linpc] [main] [INFO] o.a.coyote.http11.Http11NioProtocol:180 - Initializing ProtocolHandler ["http-nio-8080"]
2022-02-27 21:32:00.946 [linpc] [main] [INFO] o.a.catalina.core.StandardService:180 - Starting service [Tomcat]
2022-02-27 21:32:00.946 [linpc] [main] [INFO] o.a.catalina.core.StandardEngine:180 - Starting Servlet Engine: Apache Tomcat/8.5.31
2022-02-27 21:32:00.962 [linpc] [localhost-startStop-1] [INFO] o.a.c.core.AprLifecycleListener:180 - The APR based Apache Tomcat Native library which allows optimal performance in production environments was not found on the java.library.path: [D:\Java\jdk1.8.0_221\bin;C:\WINDOWS\Sun\Java\bin;C:\WINDOWS\system32;C:\WINDOWS;D:\wmware_workstation\bin\;C:\Program Files (x86)\Common Files\Oracle\Java\javapath;C:\Windows\system32;C:\Windows;C:\Windows\System32\Wbem;C:\Windows\System32\WindowsPowerShell\v1.0\;C:\Windows\System32\OpenSSH\;C:\Program Files (x86)\NVIDIA Corporation\PhysX\Common;C:\Program Files\NVIDIA Corporation\NVIDIA NvDLISR;D:\Java\jdk1.8.0_221\bin;D:\apache-maven-3.6.2\bin;D:\Git\cmd;D:\gradle-6.0\bin;C:\Program Files\MySQL\MySQL Server 8.0\bin\;D:\nodejs\node_global\;D:\nodejs\;D:\thrift\0.8.0\bin\;;C:\WINDOWS\system32;C:\WINDOWS;C:\WINDOWS\System32\Wbem;C:\WINDOWS\System32\WindowsPowerShell\v1.0\;C:\WINDOWS\System32\OpenSSH\;C:\Program Files\Intel\WiFi\bin\;C:\Program Files\Common Files\Intel\WirelessCommon\;C:\Users\lin\AppData\Local\Microsoft\WindowsApps;;D:\WebStorm_2019.3\bin;;C:\Users\lin\AppData\Roaming\npm;.]
2022-02-27 21:32:01.071 [linpc] [localhost-startStop-1] [INFO] o.a.c.c.C.[.[localhost].[/docker]:180 - Initializing Spring embedded WebApplicationContext
2022-02-27 21:32:02.377 [linpc] [main] [INFO] o.a.coyote.http11.Http11NioProtocol:180 - Starting ProtocolHandler ["http-nio-8080"]
2022-02-27 21:32:02.405 [linpc] [main] [INFO] o.a.tomcat.util.net.NioSelectorPool:180 - Using a shared selector for servlet write/read
2022-02-27 21:32:02.420 [linpc] [main] [INFO] com.lin.docker.Application:59 - Started Application in 4.031 seconds (JVM running for 5.271)
2022-02-27 21:32:07.337 [linpc] [http-nio-8080-exec-1] [INFO] o.a.c.c.C.[.[localhost].[/docker]:180 - Initializing Spring FrameworkServlet 'dispatcherServlet'
2022-02-27 21:32:07.396 [linpc] [http-nio-8080-exec-1] [INFO] c.l.d.service.UserAddressService:14 - 
2022-02-27 21:33:04.521 [linpc] [main] [INFO] com.lin.docker.Application:50 - Starting Application on linpc with PID 11916 (E:\study\docker-study\target\classes started by lin in E:\study\docker-study)
2022-02-27 21:33:04.536 [linpc] [main] [DEBUG] com.lin.docker.Application:53 - Running with Spring Boot v2.0.2.RELEASE, Spring v5.0.6.RELEASE
2022-02-27 21:33:04.536 [linpc] [main] [INFO] com.lin.docker.Application:659 - No active profile set, falling back to default profiles: default
2022-02-27 21:33:05.702 [linpc] [main] [WARN] o.m.s.mapper.ClassPathMapperScanner:44 - No MyBatis mapper was found in '[com.xiaomi.trade.center.mapper]' package. Please check your configuration.
2022-02-27 21:33:06.515 [linpc] [main] [INFO] o.a.coyote.http11.Http11NioProtocol:180 - Initializing ProtocolHandler ["http-nio-8080"]
2022-02-27 21:33:06.529 [linpc] [main] [INFO] o.a.catalina.core.StandardService:180 - Starting service [Tomcat]
2022-02-27 21:33:06.529 [linpc] [main] [INFO] o.a.catalina.core.StandardEngine:180 - Starting Servlet Engine: Apache Tomcat/8.5.31
2022-02-27 21:33:06.535 [linpc] [localhost-startStop-1] [INFO] o.a.c.core.AprLifecycleListener:180 - The APR based Apache Tomcat Native library which allows optimal performance in production environments was not found on the java.library.path: [D:\Java\jdk1.8.0_221\bin;C:\WINDOWS\Sun\Java\bin;C:\WINDOWS\system32;C:\WINDOWS;D:\wmware_workstation\bin\;C:\Program Files (x86)\Common Files\Oracle\Java\javapath;C:\Windows\system32;C:\Windows;C:\Windows\System32\Wbem;C:\Windows\System32\WindowsPowerShell\v1.0\;C:\Windows\System32\OpenSSH\;C:\Program Files (x86)\NVIDIA Corporation\PhysX\Common;C:\Program Files\NVIDIA Corporation\NVIDIA NvDLISR;D:\Java\jdk1.8.0_221\bin;D:\apache-maven-3.6.2\bin;D:\Git\cmd;D:\gradle-6.0\bin;C:\Program Files\MySQL\MySQL Server 8.0\bin\;D:\nodejs\node_global\;D:\nodejs\;D:\thrift\0.8.0\bin\;;C:\WINDOWS\system32;C:\WINDOWS;C:\WINDOWS\System32\Wbem;C:\WINDOWS\System32\WindowsPowerShell\v1.0\;C:\WINDOWS\System32\OpenSSH\;C:\Program Files\Intel\WiFi\bin\;C:\Program Files\Common Files\Intel\WirelessCommon\;C:\Users\lin\AppData\Local\Microsoft\WindowsApps;;D:\WebStorm_2019.3\bin;;C:\Users\lin\AppData\Roaming\npm;.]
2022-02-27 21:33:06.649 [linpc] [localhost-startStop-1] [INFO] o.a.c.c.C.[.[localhost].[/docker]:180 - Initializing Spring embedded WebApplicationContext
2022-02-27 21:33:08.105 [linpc] [main] [INFO] o.a.coyote.http11.Http11NioProtocol:180 - Starting ProtocolHandler ["http-nio-8080"]
2022-02-27 21:33:08.119 [linpc] [main] [INFO] o.a.tomcat.util.net.NioSelectorPool:180 - Using a shared selector for servlet write/read
2022-02-27 21:33:08.147 [linpc] [main] [INFO] com.lin.docker.Application:59 - Started Application in 4.226 seconds (JVM running for 5.436)
2022-02-27 21:33:12.738 [linpc] [http-nio-8080-exec-1] [INFO] o.a.c.c.C.[.[localhost].[/docker]:180 - Initializing Spring FrameworkServlet 'dispatcherServlet'
2022-02-27 21:33:12.799 [linpc] [http-nio-8080-exec-1] [INFO] c.l.d.service.UserAddressService:14 - UserAddressService.queryByUser: 根据用户查找用户地址. 用户信息为: user is User(id=4, name=姓名：张三； 地址id： 4)
